<?xml version="1.0" encoding="UTF-8"?>
<beans xmlns="http://www.springframework.org/schema/beans"
       xmlns:xsi="http://www.w3.org/2001/XMLSchema-instance"
       xmlns:context="http://www.springframework.org/schema/context"
       xsi:schemaLocation="http://www.springframework.org/schema/beans
        http://www.springframework.org/schema/beans/spring-beans.xsd
        http://www.springframework.org/schema/context
        http://www.springframework.org/schema/context/spring-context.xsd">

    <!-- regular spring configuration file defining the beans for this
         bundle. We've kept the osgi definitions in a separate
         configuration file so that this file can easily be used
         for integration testing outside of an OSGi environment -->

    <context:component-scan base-package="com.qsoft.tdd"/>

    <import resource="classpath:META-INF/spring/bank-account-bundle-context.xml"/>

</beans>
